  소스.cpp
c:\users\경운\documents\visual studio 2017\projects\낚시\낚시\소스.cpp(107): warning C4996: 'kbhit': The POSIX name for this item is deprecated. Instead, use the ISO C and C++ conformant name: _kbhit. See online help for details.
  c:\program files (x86)\windows kits\10\include\10.0.15063.0\ucrt\conio.h(458): note: 'kbhit' 선언을 참조하십시오.
c:\users\경운\documents\visual studio 2017\projects\낚시\낚시\소스.cpp(109): warning C4996: 'getch': The POSIX name for this item is deprecated. Instead, use the ISO C and C++ conformant name: _getch. See online help for details.
  c:\program files (x86)\windows kits\10\include\10.0.15063.0\ucrt\conio.h(452): note: 'getch' 선언을 참조하십시오.
c:\users\경운\documents\visual studio 2017\projects\낚시\낚시\소스.cpp(177): warning C4996: 'kbhit': The POSIX name for this item is deprecated. Instead, use the ISO C and C++ conformant name: _kbhit. See online help for details.
  c:\program files (x86)\windows kits\10\include\10.0.15063.0\ucrt\conio.h(458): note: 'kbhit' 선언을 참조하십시오.
c:\users\경운\documents\visual studio 2017\projects\낚시\낚시\소스.cpp(179): warning C4996: 'getch': The POSIX name for this item is deprecated. Instead, use the ISO C and C++ conformant name: _getch. See online help for details.
  c:\program files (x86)\windows kits\10\include\10.0.15063.0\ucrt\conio.h(452): note: 'getch' 선언을 참조하십시오.
c:\users\경운\documents\visual studio 2017\projects\낚시\낚시\소스.cpp(276): warning C4996: 'kbhit': The POSIX name for this item is deprecated. Instead, use the ISO C and C++ conformant name: _kbhit. See online help for details.
  c:\program files (x86)\windows kits\10\include\10.0.15063.0\ucrt\conio.h(458): note: 'kbhit' 선언을 참조하십시오.
c:\users\경운\documents\visual studio 2017\projects\낚시\낚시\소스.cpp(278): warning C4996: 'getch': The POSIX name for this item is deprecated. Instead, use the ISO C and C++ conformant name: _getch. See online help for details.
  c:\program files (x86)\windows kits\10\include\10.0.15063.0\ucrt\conio.h(452): note: 'getch' 선언을 참조하십시오.
c:\users\경운\documents\visual studio 2017\projects\낚시\낚시\소스.cpp(281): warning C4996: 'getch': The POSIX name for this item is deprecated. Instead, use the ISO C and C++ conformant name: _getch. See online help for details.
  c:\program files (x86)\windows kits\10\include\10.0.15063.0\ucrt\conio.h(452): note: 'getch' 선언을 참조하십시오.
c:\users\경운\documents\visual studio 2017\projects\낚시\낚시\소스.cpp(315): warning C4996: 'getch': The POSIX name for this item is deprecated. Instead, use the ISO C and C++ conformant name: _getch. See online help for details.
  c:\program files (x86)\windows kits\10\include\10.0.15063.0\ucrt\conio.h(452): note: 'getch' 선언을 참조하십시오.
c:\users\경운\documents\visual studio 2017\projects\낚시\낚시\소스.cpp(329): warning C4244: '인수': 'time_t'에서 'unsigned int'(으)로 변환하면서 데이터가 손실될 수 있습니다.
c:\users\경운\documents\visual studio 2017\projects\낚시\낚시\소스.cpp(326): warning C4101: 'ke' :참조되지 않은 지역 변수입니다.
  낚시.vcxproj -> C:\Users\경운\Documents\Visual Studio 2017\Projects\낚시\Debug\낚시.exe
  낚시.vcxproj -> C:\Users\경운\Documents\Visual Studio 2017\Projects\낚시\Debug\낚시.pdb (Partial PDB)
