  소스.cpp
c:\users\경운\documents\visual studio 2017\projects\미로찾기\미로찾기\소스.cpp(7): warning C4005: 'max': 매크로 재정의
  c:\program files (x86)\windows kits\10\include\10.0.15063.0\shared\minwindef.h(193): note: 'max'의 이전 정의를 참조하십시오.
c:\users\경운\documents\visual studio 2017\projects\미로찾기\미로찾기\소스.cpp(106): warning C4996: 'kbhit': The POSIX name for this item is deprecated. Instead, use the ISO C and C++ conformant name: _kbhit. See online help for details.
  c:\program files (x86)\windows kits\10\include\10.0.15063.0\ucrt\conio.h(458): note: 'kbhit' 선언을 참조하십시오.
c:\users\경운\documents\visual studio 2017\projects\미로찾기\미로찾기\소스.cpp(108): warning C4996: 'getch': The POSIX name for this item is deprecated. Instead, use the ISO C and C++ conformant name: _getch. See online help for details.
  c:\program files (x86)\windows kits\10\include\10.0.15063.0\ucrt\conio.h(452): note: 'getch' 선언을 참조하십시오.
c:\users\경운\documents\visual studio 2017\projects\미로찾기\미로찾기\소스.cpp(224): warning C4996: 'getch': The POSIX name for this item is deprecated. Instead, use the ISO C and C++ conformant name: _getch. See online help for details.
  c:\program files (x86)\windows kits\10\include\10.0.15063.0\ucrt\conio.h(452): note: 'getch' 선언을 참조하십시오.
c:\users\경운\documents\visual studio 2017\projects\미로찾기\미로찾기\소스.cpp(228): warning C4996: 'getch': The POSIX name for this item is deprecated. Instead, use the ISO C and C++ conformant name: _getch. See online help for details.
  c:\program files (x86)\windows kits\10\include\10.0.15063.0\ucrt\conio.h(452): note: 'getch' 선언을 참조하십시오.
c:\users\경운\documents\visual studio 2017\projects\미로찾기\미로찾기\소스.cpp(248): warning C4996: 'getch': The POSIX name for this item is deprecated. Instead, use the ISO C and C++ conformant name: _getch. See online help for details.
  c:\program files (x86)\windows kits\10\include\10.0.15063.0\ucrt\conio.h(452): note: 'getch' 선언을 참조하십시오.
c:\users\경운\documents\visual studio 2017\projects\미로찾기\미로찾기\소스.cpp(315): warning C4996: 'getch': The POSIX name for this item is deprecated. Instead, use the ISO C and C++ conformant name: _getch. See online help for details.
  c:\program files (x86)\windows kits\10\include\10.0.15063.0\ucrt\conio.h(452): note: 'getch' 선언을 참조하십시오.
c:\users\경운\documents\visual studio 2017\projects\미로찾기\미로찾기\소스.cpp(325): warning C4101: 'rs' :참조되지 않은 지역 변수입니다.
c:\users\경운\documents\visual studio 2017\projects\미로찾기\미로찾기\소스.cpp(418): warning C4996: 'getch': The POSIX name for this item is deprecated. Instead, use the ISO C and C++ conformant name: _getch. See online help for details.
  c:\program files (x86)\windows kits\10\include\10.0.15063.0\ucrt\conio.h(452): note: 'getch' 선언을 참조하십시오.
c:\users\경운\documents\visual studio 2017\projects\미로찾기\미로찾기\소스.cpp(427): warning C4996: 'getch': The POSIX name for this item is deprecated. Instead, use the ISO C and C++ conformant name: _getch. See online help for details.
  c:\program files (x86)\windows kits\10\include\10.0.15063.0\ucrt\conio.h(452): note: 'getch' 선언을 참조하십시오.
c:\users\경운\documents\visual studio 2017\projects\미로찾기\미로찾기\소스.cpp(515): warning C4996: 'getch': The POSIX name for this item is deprecated. Instead, use the ISO C and C++ conformant name: _getch. See online help for details.
  c:\program files (x86)\windows kits\10\include\10.0.15063.0\ucrt\conio.h(452): note: 'getch' 선언을 참조하십시오.
c:\users\경운\documents\visual studio 2017\projects\미로찾기\미로찾기\소스.cpp(550): warning C4244: '인수': 'time_t'에서 'unsigned int'(으)로 변환하면서 데이터가 손실될 수 있습니다.
c:\users\경운\documents\visual studio 2017\projects\미로찾기\미로찾기\소스.cpp(558): warning C4996: 'getch': The POSIX name for this item is deprecated. Instead, use the ISO C and C++ conformant name: _getch. See online help for details.
  c:\program files (x86)\windows kits\10\include\10.0.15063.0\ucrt\conio.h(452): note: 'getch' 선언을 참조하십시오.
  미로찾기.vcxproj -> C:\Users\경운\Documents\Visual Studio 2017\Projects\미로찾기\Debug\미로찾기.exe
  미로찾기.vcxproj -> C:\Users\경운\Documents\Visual Studio 2017\Projects\미로찾기\Debug\미로찾기.pdb (Partial PDB)
